INFO: pocketsphinx.c(152): Parsed model-specific feature parameters from files/sphinx/models\en-us/en-us-ptm/feat.params
Current configuration:
[NAME]			[DEFLT]		[VALUE]
-agc			none		none
-agcthresh		2.0		2.000000e+00
-allphone				
-allphone_ci		yes		yes
-alpha			0.97		9.700000e-01
-ascale			20.0		2.000000e+01
-aw			1		1
-backtrace		no		no
-beam			1e-48		1.000000e-48
-bestpath		yes		yes
-bestpathlw		9.5		9.500000e+00
-ceplen			13		13
-cmn			live		current
-cmninit		40,3,-1		40,3,-1
-compallsen		no		no
-dict					files/sphinx/models\en-us/cmudict-en-us.dict
-dictcase		no		no
-dither			no		no
-doublebw		no		no
-ds			1		1
-fdict					
-feat			1s_c_d_dd	1s_c_d_dd
-featparams				
-fillprob		1e-8		1.000000e-08
-frate			100		100
-fsg					
-fsgusealtpron		yes		yes
-fsgusefiller		yes		yes
-fwdflat		yes		yes
-fwdflatbeam		1e-64		1.000000e-64
-fwdflatefwid		4		4
-fwdflatlw		8.5		8.500000e+00
-fwdflatsfwin		25		25
-fwdflatwbeam		7e-29		7.000000e-29
-fwdtree		yes		yes
-hmm					files/sphinx/models\en-us/en-us-ptm
-input_endian		little		little
-jsgf					
-keyphrase				mr house
-kws					
-kws_delay		10		10
-kws_plp		1e-1		1.000000e-01
-kws_threshold		1e-30		1.000000e+00
-latsize		5000		5000
-lda					
-ldadim			0		0
-lifter			0		22
-lm					
-lmctl					
-lmname					
-logbase		1.0001		1.000100e+00
-logfn					files/sphinx.log
-logspec		no		no
-lowerf			133.33334	1.300000e+02
-lpbeam			1e-40		1.000000e-40
-lponlybeam		7e-29		7.000000e-29
-lw			6.5		6.500000e+00
-maxhmmpf		30000		30000
-maxwpf			-1		-1
-mdef					
-mean					
-mfclogdir				
-min_endfr		0		0
-mixw					
-mixwfloor		0.0000001	1.000000e-07
-mllr					
-mmap			yes		yes
-ncep			13		13
-nfft			512		512
-nfilt			40		25
-nwpen			1.0		1.000000e+00
-pbeam			1e-48		1.000000e-48
-pip			1.0		1.000000e+00
-pl_beam		1e-10		1.000000e-10
-pl_pbeam		1e-10		1.000000e-10
-pl_pip			1.0		1.000000e+00
-pl_weight		3.0		3.000000e+00
-pl_window		5		5
-rawlogdir				
-remove_dc		no		no
-remove_noise		yes		yes
-remove_silence		yes		yes
-round_filters		yes		yes
-samprate		16000		1.600000e+04
-seed			-1		-1
-sendump				
-senlogdir				
-senmgau				
-silprob		0.005		5.000000e-03
-smoothspec		no		no
-svspec					0-12/13-25/26-38
-tmat					
-tmatfloor		0.0001		1.000000e-04
-topn			4		4
-topn_beam		0		0
-toprule				
-transform		legacy		dct
-unit_area		yes		yes
-upperf			6855.4976	6.800000e+03
-uw			1.0		1.000000e+00
-vad_postspeech		50		50
-vad_prespeech		20		20
-vad_startspeech	10		10
-vad_threshold		3.0		3.000000e+00
-var					
-varfloor		0.0001		1.000000e-04
-varnorm		no		no
-verbose		no		no
-warp_params				
-warp_type		inverse_linear	inverse_linear
-wbeam			7e-29		7.000000e-29
-wip			0.65		6.500000e-01
-wlen			0.025625	2.562500e-02

INFO: feat.c(715): Initializing feature stream to type: '1s_c_d_dd', ceplen=13, CMN='batch', VARNORM='no', AGC='none'
INFO: acmod.c(162): Using subvector specification 0-12/13-25/26-38
INFO: mdef.c(518): Reading model definition: files/sphinx/models\en-us/en-us-ptm/mdef
INFO: bin_mdef.c(181): Allocating 142108 * 8 bytes (1110 KiB) for CD tree
INFO: tmat.c(149): Reading HMM transition probability matrices: files/sphinx/models\en-us/en-us-ptm/transition_matrices
INFO: acmod.c(113): Attempting to use PTM computation module
INFO: ms_gauden.c(127): Reading mixture gaussian parameter: files/sphinx/models\en-us/en-us-ptm/means
INFO: ms_gauden.c(242): 42 codebook, 3 feature, size: 
INFO: ms_gauden.c(244):  128x13
INFO: ms_gauden.c(244):  128x13
INFO: ms_gauden.c(244):  128x13
INFO: ms_gauden.c(127): Reading mixture gaussian parameter: files/sphinx/models\en-us/en-us-ptm/variances
INFO: ms_gauden.c(242): 42 codebook, 3 feature, size: 
INFO: ms_gauden.c(244):  128x13
INFO: ms_gauden.c(244):  128x13
INFO: ms_gauden.c(244):  128x13
INFO: ms_gauden.c(304): 222 variance values floored
INFO: ptm_mgau.c(475): Loading senones from dump file files/sphinx/models\en-us/en-us-ptm/sendump
INFO: ptm_mgau.c(499): BEGIN FILE FORMAT DESCRIPTION
INFO: ptm_mgau.c(562): Rows: 128, Columns: 5126
INFO: ptm_mgau.c(594): Using memory-mapped I/O for senones
INFO: ptm_mgau.c(837): Maximum top-N: 4
INFO: phone_loop_search.c(114): State beam -225 Phone exit beam -225 Insertion penalty 0
INFO: dict.c(320): Allocating 138623 * 32 bytes (4331 KiB) for word entries
INFO: dict.c(333): Reading main dictionary: files/sphinx/models\en-us/cmudict-en-us.dict
INFO: dict.c(213): Dictionary size 134522, allocated 1014 KiB for strings, 1677 KiB for phones
INFO: dict.c(336): 134522 words read
INFO: dict.c(358): Reading filler dictionary: files/sphinx/models\en-us/en-us-ptm/noisedict
INFO: dict.c(213): Dictionary size 134527, allocated 0 KiB for strings, 0 KiB for phones
INFO: dict.c(361): 5 words read
INFO: dict2pid.c(396): Building PID tables for dictionary
INFO: dict2pid.c(406): Allocating 42^3 * 2 bytes (144 KiB) for word-initial triphones
INFO: dict2pid.c(132): Allocated 42672 bytes (41 KiB) for word-final triphones
INFO: dict2pid.c(196): Allocated 42672 bytes (41 KiB) for single-phone word triphones
INFO: kws_search.c(406): KWS(beam: -1080, plp: -23, default threshold 0, delay 10)
INFO: cmn_live.c(88): Update from < 40.00  3.00 -1.00  0.00  0.00  0.00  0.00  0.00  0.00  0.00  0.00  0.00  0.00 >
INFO: cmn_live.c(105): Update to   < 42.65  7.35 -12.83 -0.79  1.11  6.05  4.13  6.96 -5.02  1.12  2.07  1.33  2.90 >
INFO: kws_search.c(448): TOTAL kws 0.00 CPU -nan(ind) xRT
INFO: kws_search.c(451): TOTAL kws 0.00 wall -nan(ind) xRT
INFO: pocketsphinx.c(152): Parsed model-specific feature parameters from files/sphinx/models\en-us/en-us-ptm/feat.params
Current configuration:
[NAME]			[DEFLT]		[VALUE]
-agc			none		none
-agcthresh		2.0		2.000000e+00
-allphone				
-allphone_ci		yes		yes
-alpha			0.97		9.700000e-01
-ascale			20.0		2.000000e+01
-aw			1		1
-backtrace		no		no
-beam			1e-48		1.000000e-48
-bestpath		yes		yes
-bestpathlw		9.5		9.500000e+00
-ceplen			13		13
-cmn			live		current
-cmninit		40,3,-1		40,3,-1
-compallsen		no		no
-dict					files/sphinx/models\en-us/cmudict-en-us.dict
-dictcase		no		no
-dither			no		no
-doublebw		no		no
-ds			1		1
-fdict					
-feat			1s_c_d_dd	1s_c_d_dd
-featparams				
-fillprob		1e-8		1.000000e-08
-frate			100		100
-fsg					
-fsgusealtpron		yes		yes
-fsgusefiller		yes		yes
-fwdflat		yes		yes
-fwdflatbeam		1e-64		1.000000e-64
-fwdflatefwid		4		4
-fwdflatlw		8.5		8.500000e+00
-fwdflatsfwin		25		25
-fwdflatwbeam		7e-29		7.000000e-29
-fwdtree		yes		yes
-hmm					files/sphinx/models\en-us/en-us-ptm
-input_endian		little		little
-jsgf					
-keyphrase				hello
-kws					
-kws_delay		10		10
-kws_plp		1e-1		1.000000e-01
-kws_threshold		1e-30		1.000000e+00
-latsize		5000		5000
-lda					
-ldadim			0		0
-lifter			0		22
-lm					
-lmctl					
-lmname					
-logbase		1.0001		1.000100e+00
-logfn					files/sphinx.log
-logspec		no		no
-lowerf			133.33334	1.300000e+02
-lpbeam			1e-40		1.000000e-40
-lponlybeam		7e-29		7.000000e-29
-lw			6.5		6.500000e+00
-maxhmmpf		30000		30000
-maxwpf			-1		-1
-mdef					
-mean					
-mfclogdir				
-min_endfr		0		0
-mixw					
-mixwfloor		0.0000001	1.000000e-07
-mllr					
-mmap			yes		yes
-ncep			13		13
-nfft			512		512
-nfilt			40		25
-nwpen			1.0		1.000000e+00
-pbeam			1e-48		1.000000e-48
-pip			1.0		1.000000e+00
-pl_beam		1e-10		1.000000e-10
-pl_pbeam		1e-10		1.000000e-10
-pl_pip			1.0		1.000000e+00
-pl_weight		3.0		3.000000e+00
-pl_window		5		5
-rawlogdir				
-remove_dc		no		no
-remove_noise		yes		yes
-remove_silence		yes		yes
-round_filters		yes		yes
-samprate		16000		1.600000e+04
-seed			-1		-1
-sendump				
-senlogdir				
-senmgau				
-silprob		0.005		5.000000e-03
-smoothspec		no		no
-svspec					0-12/13-25/26-38
-tmat					
-tmatfloor		0.0001		1.000000e-04
-topn			4		4
-topn_beam		0		0
-toprule				
-transform		legacy		dct
-unit_area		yes		yes
-upperf			6855.4976	6.800000e+03
-uw			1.0		1.000000e+00
-vad_postspeech		50		50
-vad_prespeech		20		20
-vad_startspeech	10		10
-vad_threshold		3.0		3.000000e+00
-var					
-varfloor		0.0001		1.000000e-04
-varnorm		no		no
-verbose		no		no
-warp_params				
-warp_type		inverse_linear	inverse_linear
-wbeam			7e-29		7.000000e-29
-wip			0.65		6.500000e-01
-wlen			0.025625	2.562500e-02

INFO: feat.c(715): Initializing feature stream to type: '1s_c_d_dd', ceplen=13, CMN='batch', VARNORM='no', AGC='none'
INFO: acmod.c(162): Using subvector specification 0-12/13-25/26-38
INFO: mdef.c(518): Reading model definition: files/sphinx/models\en-us/en-us-ptm/mdef
INFO: bin_mdef.c(181): Allocating 142108 * 8 bytes (1110 KiB) for CD tree
INFO: tmat.c(149): Reading HMM transition probability matrices: files/sphinx/models\en-us/en-us-ptm/transition_matrices
INFO: acmod.c(113): Attempting to use PTM computation module
INFO: ms_gauden.c(127): Reading mixture gaussian parameter: files/sphinx/models\en-us/en-us-ptm/means
INFO: ms_gauden.c(242): 42 codebook, 3 feature, size: 
INFO: ms_gauden.c(244):  128x13
INFO: ms_gauden.c(244):  128x13
INFO: ms_gauden.c(244):  128x13
INFO: ms_gauden.c(127): Reading mixture gaussian parameter: files/sphinx/models\en-us/en-us-ptm/variances
INFO: ms_gauden.c(242): 42 codebook, 3 feature, size: 
INFO: ms_gauden.c(244):  128x13
INFO: ms_gauden.c(244):  128x13
INFO: ms_gauden.c(244):  128x13
INFO: ms_gauden.c(304): 222 variance values floored
INFO: ptm_mgau.c(475): Loading senones from dump file files/sphinx/models\en-us/en-us-ptm/sendump
INFO: ptm_mgau.c(499): BEGIN FILE FORMAT DESCRIPTION
INFO: ptm_mgau.c(562): Rows: 128, Columns: 5126
INFO: ptm_mgau.c(594): Using memory-mapped I/O for senones
INFO: ptm_mgau.c(837): Maximum top-N: 4
INFO: phone_loop_search.c(114): State beam -225 Phone exit beam -225 Insertion penalty 0
INFO: dict.c(320): Allocating 138623 * 32 bytes (4331 KiB) for word entries
INFO: dict.c(333): Reading main dictionary: files/sphinx/models\en-us/cmudict-en-us.dict
INFO: dict.c(213): Dictionary size 134522, allocated 1014 KiB for strings, 1677 KiB for phones
INFO: dict.c(336): 134522 words read
INFO: dict.c(358): Reading filler dictionary: files/sphinx/models\en-us/en-us-ptm/noisedict
INFO: dict.c(213): Dictionary size 134527, allocated 0 KiB for strings, 0 KiB for phones
INFO: dict.c(361): 5 words read
INFO: dict2pid.c(396): Building PID tables for dictionary
INFO: dict2pid.c(406): Allocating 42^3 * 2 bytes (144 KiB) for word-initial triphones
INFO: dict2pid.c(132): Allocated 42672 bytes (41 KiB) for word-final triphones
INFO: dict2pid.c(196): Allocated 42672 bytes (41 KiB) for single-phone word triphones
INFO: kws_search.c(406): KWS(beam: -1080, plp: -23, default threshold 0, delay 10)
INFO: cmn_live.c(88): Update from < 40.00  3.00 -1.00  0.00  0.00  0.00  0.00  0.00  0.00  0.00  0.00  0.00  0.00 >
INFO: cmn_live.c(105): Update to   < 37.93 13.18 -16.68  6.55  1.97  5.56  1.78 -1.97 -5.04  0.48  6.17 -3.91 -2.13 >
INFO: kws_search.c(448): TOTAL kws 0.00 CPU -nan(ind) xRT
INFO: kws_search.c(451): TOTAL kws 0.00 wall -nan(ind) xRT
INFO: pocketsphinx.c(152): Parsed model-specific feature parameters from ./files/sphinx/models\en-us/en-us-ptm/feat.params
Current configuration:
[NAME]			[DEFLT]		[VALUE]
-agc			none		none
-agcthresh		2.0		2.000000e+00
-allphone				
-allphone_ci		yes		yes
-alpha			0.97		9.700000e-01
-ascale			20.0		2.000000e+01
-aw			1		1
-backtrace		no		no
-beam			1e-48		1.000000e-48
-bestpath		yes		yes
-bestpathlw		9.5		9.500000e+00
-ceplen			13		13
-cmn			live		current
-cmninit		40,3,-1		40,3,-1
-compallsen		no		no
-dict					./files/sphinx/models\en-us/cmudict-en-us.dict
-dictcase		no		no
-dither			no		no
-doublebw		no		no
-ds			1		1
-fdict					
-feat			1s_c_d_dd	1s_c_d_dd
-featparams				
-fillprob		1e-8		1.000000e-08
-frate			100		100
-fsg					
-fsgusealtpron		yes		yes
-fsgusefiller		yes		yes
-fwdflat		yes		yes
-fwdflatbeam		1e-64		1.000000e-64
-fwdflatefwid		4		4
-fwdflatlw		8.5		8.500000e+00
-fwdflatsfwin		25		25
-fwdflatwbeam		7e-29		7.000000e-29
-fwdtree		yes		yes
-hmm					./files/sphinx/models\en-us/en-us-ptm
-input_endian		little		little
-jsgf					
-keyphrase				hello
-kws					
-kws_delay		10		10
-kws_plp		1e-1		1.000000e-01
-kws_threshold		1e-30		1.000000e+00
-latsize		5000		5000
-lda					
-ldadim			0		0
-lifter			0		22
-lm					
-lmctl					
-lmname					
-logbase		1.0001		1.000100e+00
-logfn					files/sphinx.log
-logspec		no		no
-lowerf			133.33334	1.300000e+02
-lpbeam			1e-40		1.000000e-40
-lponlybeam		7e-29		7.000000e-29
-lw			6.5		6.500000e+00
-maxhmmpf		30000		30000
-maxwpf			-1		-1
-mdef					
-mean					
-mfclogdir				
-min_endfr		0		0
-mixw					
-mixwfloor		0.0000001	1.000000e-07
-mllr					
-mmap			yes		yes
-ncep			13		13
-nfft			512		512
-nfilt			40		25
-nwpen			1.0		1.000000e+00
-pbeam			1e-48		1.000000e-48
-pip			1.0		1.000000e+00
-pl_beam		1e-10		1.000000e-10
-pl_pbeam		1e-10		1.000000e-10
-pl_pip			1.0		1.000000e+00
-pl_weight		3.0		3.000000e+00
-pl_window		5		5
-rawlogdir				
-remove_dc		no		no
-remove_noise		yes		yes
-remove_silence		yes		yes
-round_filters		yes		yes
-samprate		16000		1.600000e+04
-seed			-1		-1
-sendump				
-senlogdir				
-senmgau				
-silprob		0.005		5.000000e-03
-smoothspec		no		no
-svspec					0-12/13-25/26-38
-tmat					
-tmatfloor		0.0001		1.000000e-04
-topn			4		4
-topn_beam		0		0
-toprule				
-transform		legacy		dct
-unit_area		yes		yes
-upperf			6855.4976	6.800000e+03
-uw			1.0		1.000000e+00
-vad_postspeech		50		50
-vad_prespeech		20		20
-vad_startspeech	10		10
-vad_threshold		3.0		3.000000e+00
-var					
-varfloor		0.0001		1.000000e-04
-varnorm		no		no
-verbose		no		no
-warp_params				
-warp_type		inverse_linear	inverse_linear
-wbeam			7e-29		7.000000e-29
-wip			0.65		6.500000e-01
-wlen			0.025625	2.562500e-02

INFO: feat.c(715): Initializing feature stream to type: '1s_c_d_dd', ceplen=13, CMN='batch', VARNORM='no', AGC='none'
INFO: acmod.c(162): Using subvector specification 0-12/13-25/26-38
INFO: mdef.c(518): Reading model definition: ./files/sphinx/models\en-us/en-us-ptm/mdef
INFO: bin_mdef.c(181): Allocating 142108 * 8 bytes (1110 KiB) for CD tree
INFO: tmat.c(149): Reading HMM transition probability matrices: ./files/sphinx/models\en-us/en-us-ptm/transition_matrices
INFO: acmod.c(113): Attempting to use PTM computation module
INFO: ms_gauden.c(127): Reading mixture gaussian parameter: ./files/sphinx/models\en-us/en-us-ptm/means
INFO: ms_gauden.c(242): 42 codebook, 3 feature, size: 
INFO: ms_gauden.c(244):  128x13
INFO: ms_gauden.c(244):  128x13
INFO: ms_gauden.c(244):  128x13
INFO: ms_gauden.c(127): Reading mixture gaussian parameter: ./files/sphinx/models\en-us/en-us-ptm/variances
INFO: ms_gauden.c(242): 42 codebook, 3 feature, size: 
INFO: ms_gauden.c(244):  128x13
INFO: ms_gauden.c(244):  128x13
INFO: ms_gauden.c(244):  128x13
INFO: ms_gauden.c(304): 222 variance values floored
INFO: ptm_mgau.c(475): Loading senones from dump file ./files/sphinx/models\en-us/en-us-ptm/sendump
INFO: ptm_mgau.c(499): BEGIN FILE FORMAT DESCRIPTION
INFO: ptm_mgau.c(562): Rows: 128, Columns: 5126
INFO: ptm_mgau.c(594): Using memory-mapped I/O for senones
INFO: ptm_mgau.c(837): Maximum top-N: 4
INFO: phone_loop_search.c(114): State beam -225 Phone exit beam -225 Insertion penalty 0
INFO: dict.c(320): Allocating 138623 * 32 bytes (4331 KiB) for word entries
INFO: dict.c(333): Reading main dictionary: ./files/sphinx/models\en-us/cmudict-en-us.dict
INFO: dict.c(213): Dictionary size 134522, allocated 1014 KiB for strings, 1677 KiB for phones
INFO: dict.c(336): 134522 words read
INFO: dict.c(358): Reading filler dictionary: ./files/sphinx/models\en-us/en-us-ptm/noisedict
INFO: dict.c(213): Dictionary size 134527, allocated 0 KiB for strings, 0 KiB for phones
INFO: dict.c(361): 5 words read
INFO: dict2pid.c(396): Building PID tables for dictionary
INFO: dict2pid.c(406): Allocating 42^3 * 2 bytes (144 KiB) for word-initial triphones
INFO: dict2pid.c(132): Allocated 42672 bytes (41 KiB) for word-final triphones
INFO: dict2pid.c(196): Allocated 42672 bytes (41 KiB) for single-phone word triphones
INFO: kws_search.c(406): KWS(beam: -1080, plp: -23, default threshold 0, delay 10)
INFO: cmn_live.c(88): Update from < 40.00  3.00 -1.00  0.00  0.00  0.00  0.00  0.00  0.00  0.00  0.00  0.00  0.00 >
INFO: cmn_live.c(105): Update to   < 35.49 12.95 -18.77  7.89  4.77  1.43  2.62 -0.92 -4.46  1.42  6.95  2.22 -2.53 >
INFO: cmn_live.c(120): Update from < 35.49 12.95 -18.77  7.89  4.77  1.43  2.62 -0.92 -4.46  1.42  6.95  2.22 -2.53 >
INFO: cmn_live.c(138): Update to   < 36.11 14.44 -17.07  7.69  3.94  2.28  1.48 -0.41 -4.64  0.81  6.12  0.19 -2.57 >
INFO: kws_search.c(656): kws 0.56 CPU 0.061 xRT
INFO: kws_search.c(658): kws 21.65 wall 2.361 xRT
INFO: cmn_live.c(88): Update from < 36.11 14.44 -17.07  7.69  3.94  2.28  1.48 -0.41 -4.64  0.81  6.12  0.19 -2.57 >
INFO: cmn_live.c(105): Update to   < 37.44 14.03 -16.54  9.98  5.57  1.96 -1.14  0.15 -4.11 -1.23  5.71 -0.57 -2.76 >
INFO: cmn_live.c(88): Update from < 37.44 14.03 -16.54  9.98  5.57  1.96 -1.14  0.15 -4.11 -1.23  5.71 -0.57 -2.76 >
INFO: cmn_live.c(105): Update to   < 37.52 15.74 -14.26  7.23  5.25  2.04 -2.71  0.73 -2.10 -2.81  3.78 -1.44 -2.54 >
INFO: cmn_live.c(88): Update from < 37.52 15.74 -14.26  7.23  5.25  2.04 -2.71  0.73 -2.10 -2.81  3.78 -1.44 -2.54 >
INFO: cmn_live.c(105): Update to   < 38.75 14.74 -14.28  6.01  2.62  3.88 -3.79  1.42 -0.61 -5.63  4.24 -1.86 -2.22 >
INFO: cmn_live.c(88): Update from < 38.75 14.74 -14.28  6.01  2.62  3.88 -3.79  1.42 -0.61 -5.63  4.24 -1.86 -2.22 >
INFO: cmn_live.c(105): Update to   < 38.86 16.69 -12.33  6.87  3.89  5.60 -2.68  1.67 -1.92 -7.35  3.73 -3.28 -2.81 >
INFO: cmn_live.c(88): Update from < 38.86 16.69 -12.33  6.87  3.89  5.60 -2.68  1.67 -1.92 -7.35  3.73 -3.28 -2.81 >
INFO: cmn_live.c(105): Update to   < 37.62 15.57 -10.30  3.87  5.04  8.06 -2.34  2.16 -1.28 -6.12  2.68 -3.60 -1.58 >
INFO: kws_search.c(448): TOTAL kws 0.56 CPU 0.061 xRT
INFO: kws_search.c(451): TOTAL kws 21.65 wall 2.363 xRT
INFO: pocketsphinx.c(152): Parsed model-specific feature parameters from ./files/sphinx/models\en-us/en-us-ptm/feat.params
Current configuration:
[NAME]			[DEFLT]		[VALUE]
-agc			none		none
-agcthresh		2.0		2.000000e+00
-allphone				
-allphone_ci		yes		yes
-alpha			0.97		9.700000e-01
-ascale			20.0		2.000000e+01
-aw			1		1
-backtrace		no		no
-beam			1e-48		1.000000e-48
-bestpath		yes		yes
-bestpathlw		9.5		9.500000e+00
-ceplen			13		13
-cmn			live		current
-cmninit		40,3,-1		40,3,-1
-compallsen		no		no
-dict					./files/sphinx/models\en-us/cmudict-en-us.dict
-dictcase		no		no
-dither			no		no
-doublebw		no		no
-ds			1		1
-fdict					
-feat			1s_c_d_dd	1s_c_d_dd
-featparams				
-fillprob		1e-8		1.000000e-08
-frate			100		100
-fsg					
-fsgusealtpron		yes		yes
-fsgusefiller		yes		yes
-fwdflat		yes		yes
-fwdflatbeam		1e-64		1.000000e-64
-fwdflatefwid		4		4
-fwdflatlw		8.5		8.500000e+00
-fwdflatsfwin		25		25
-fwdflatwbeam		7e-29		7.000000e-29
-fwdtree		yes		yes
-hmm					./files/sphinx/models\en-us/en-us-ptm
-input_endian		little		little
-jsgf					
-keyphrase				hello
-kws					
-kws_delay		10		10
-kws_plp		1e-1		1.000000e-01
-kws_threshold		1e-30		1.000000e+00
-latsize		5000		5000
-lda					
-ldadim			0		0
-lifter			0		22
-lm					
-lmctl					
-lmname					
-logbase		1.0001		1.000100e+00
-logfn					files/sphinx.log
-logspec		no		no
-lowerf			133.33334	1.300000e+02
-lpbeam			1e-40		1.000000e-40
-lponlybeam		7e-29		7.000000e-29
-lw			6.5		6.500000e+00
-maxhmmpf		30000		30000
-maxwpf			-1		-1
-mdef					
-mean					
-mfclogdir				
-min_endfr		0		0
-mixw					
-mixwfloor		0.0000001	1.000000e-07
-mllr					
-mmap			yes		yes
-ncep			13		13
-nfft			512		512
-nfilt			40		25
-nwpen			1.0		1.000000e+00
-pbeam			1e-48		1.000000e-48
-pip			1.0		1.000000e+00
-pl_beam		1e-10		1.000000e-10
-pl_pbeam		1e-10		1.000000e-10
-pl_pip			1.0		1.000000e+00
-pl_weight		3.0		3.000000e+00
-pl_window		5		5
-rawlogdir				
-remove_dc		no		no
-remove_noise		yes		yes
-remove_silence		yes		yes
-round_filters		yes		yes
-samprate		16000		1.600000e+04
-seed			-1		-1
-sendump				
-senlogdir				
-senmgau				
-silprob		0.005		5.000000e-03
-smoothspec		no		no
-svspec					0-12/13-25/26-38
-tmat					
-tmatfloor		0.0001		1.000000e-04
-topn			4		4
-topn_beam		0		0
-toprule				
-transform		legacy		dct
-unit_area		yes		yes
-upperf			6855.4976	6.800000e+03
-uw			1.0		1.000000e+00
-vad_postspeech		50		50
-vad_prespeech		20		20
-vad_startspeech	10		10
-vad_threshold		3.0		3.000000e+00
-var					
-varfloor		0.0001		1.000000e-04
-varnorm		no		no
-verbose		no		no
-warp_params				
-warp_type		inverse_linear	inverse_linear
-wbeam			7e-29		7.000000e-29
-wip			0.65		6.500000e-01
-wlen			0.025625	2.562500e-02

INFO: feat.c(715): Initializing feature stream to type: '1s_c_d_dd', ceplen=13, CMN='batch', VARNORM='no', AGC='none'
INFO: acmod.c(162): Using subvector specification 0-12/13-25/26-38
INFO: mdef.c(518): Reading model definition: ./files/sphinx/models\en-us/en-us-ptm/mdef
INFO: bin_mdef.c(181): Allocating 142108 * 8 bytes (1110 KiB) for CD tree
INFO: tmat.c(149): Reading HMM transition probability matrices: ./files/sphinx/models\en-us/en-us-ptm/transition_matrices
INFO: acmod.c(113): Attempting to use PTM computation module
INFO: ms_gauden.c(127): Reading mixture gaussian parameter: ./files/sphinx/models\en-us/en-us-ptm/means
INFO: ms_gauden.c(242): 42 codebook, 3 feature, size: 
INFO: ms_gauden.c(244):  128x13
INFO: ms_gauden.c(244):  128x13
INFO: ms_gauden.c(244):  128x13
INFO: ms_gauden.c(127): Reading mixture gaussian parameter: ./files/sphinx/models\en-us/en-us-ptm/variances
INFO: ms_gauden.c(242): 42 codebook, 3 feature, size: 
INFO: ms_gauden.c(244):  128x13
INFO: ms_gauden.c(244):  128x13
INFO: ms_gauden.c(244):  128x13
INFO: ms_gauden.c(304): 222 variance values floored
INFO: ptm_mgau.c(475): Loading senones from dump file ./files/sphinx/models\en-us/en-us-ptm/sendump
INFO: ptm_mgau.c(499): BEGIN FILE FORMAT DESCRIPTION
INFO: ptm_mgau.c(562): Rows: 128, Columns: 5126
INFO: ptm_mgau.c(594): Using memory-mapped I/O for senones
INFO: ptm_mgau.c(837): Maximum top-N: 4
INFO: phone_loop_search.c(114): State beam -225 Phone exit beam -225 Insertion penalty 0
INFO: dict.c(320): Allocating 138623 * 32 bytes (4331 KiB) for word entries
INFO: dict.c(333): Reading main dictionary: ./files/sphinx/models\en-us/cmudict-en-us.dict
INFO: dict.c(213): Dictionary size 134522, allocated 1014 KiB for strings, 1677 KiB for phones
INFO: dict.c(336): 134522 words read
INFO: dict.c(358): Reading filler dictionary: ./files/sphinx/models\en-us/en-us-ptm/noisedict
INFO: dict.c(213): Dictionary size 134527, allocated 0 KiB for strings, 0 KiB for phones
INFO: dict.c(361): 5 words read
INFO: dict2pid.c(396): Building PID tables for dictionary
INFO: dict2pid.c(406): Allocating 42^3 * 2 bytes (144 KiB) for word-initial triphones
INFO: dict2pid.c(132): Allocated 42672 bytes (41 KiB) for word-final triphones
INFO: dict2pid.c(196): Allocated 42672 bytes (41 KiB) for single-phone word triphones
INFO: kws_search.c(406): KWS(beam: -1080, plp: -23, default threshold 0, delay 10)
INFO: kws_search.c(448): TOTAL kws 0.00 CPU -nan(ind) xRT
INFO: kws_search.c(451): TOTAL kws 0.00 wall -nan(ind) xRT
